This is pdfTeX, Version 3.14159265-2.6-1.40.15 (TeX Live 2014) (preloaded format=pdflatex 2014.5.25)  9 MAY 2016 00:52
entering extended mode
 restricted \write18 enabled.
 %&-line parsing enabled.
**writeup.tex
(./writeup.tex
LaTeX2e <2014/05/01>
Babel <3.9k> and hyphenation patterns for 78 languages loaded.
(/usr/local/texlive/2014/texmf-dist/tex/latex/base/article.cls
Document Class: article 2007/10/19 v1.4h Standard LaTeX document class
(/usr/local/texlive/2014/texmf-dist/tex/latex/base/size11.clo
File: size11.clo 2007/10/19 v1.4h Standard LaTeX file (size option)
)
\c@part=\count79
\c@section=\count80
\c@subsection=\count81
\c@subsubsection=\count82
\c@paragraph=\count83
\c@subparagraph=\count84
\c@figure=\count85
\c@table=\count86
\abovecaptionskip=\skip41
\belowcaptionskip=\skip42
\bibindent=\dimen102
)
(/usr/local/texlive/2014/texmf-dist/tex/latex/amsmath/amsmath.sty
Package: amsmath 2013/01/14 v2.14 AMS math features
\@mathmargin=\skip43

For additional information on amsmath, use the `?' option.
(/usr/local/texlive/2014/texmf-dist/tex/latex/amsmath/amstext.sty
Package: amstext 2000/06/29 v2.01

(/usr/local/texlive/2014/texmf-dist/tex/latex/amsmath/amsgen.sty
File: amsgen.sty 1999/11/30 v2.0
\@emptytoks=\toks14
\ex@=\dimen103
))
(/usr/local/texlive/2014/texmf-dist/tex/latex/amsmath/amsbsy.sty
Package: amsbsy 1999/11/29 v1.2d
\pmbraise@=\dimen104
)
(/usr/local/texlive/2014/texmf-dist/tex/latex/amsmath/amsopn.sty
Package: amsopn 1999/12/14 v2.01 operator names
)
\inf@bad=\count87
LaTeX Info: Redefining \frac on input line 210.
\uproot@=\count88
\leftroot@=\count89
LaTeX Info: Redefining \overline on input line 306.
\classnum@=\count90
\DOTSCASE@=\count91
LaTeX Info: Redefining \ldots on input line 378.
LaTeX Info: Redefining \dots on input line 381.
LaTeX Info: Redefining \cdots on input line 466.
\Mathstrutbox@=\box26
\strutbox@=\box27
\big@size=\dimen105
LaTeX Font Info:    Redeclaring font encoding OML on input line 566.
LaTeX Font Info:    Redeclaring font encoding OMS on input line 567.
\macc@depth=\count92
\c@MaxMatrixCols=\count93
\dotsspace@=\muskip10
\c@parentequation=\count94
\dspbrk@lvl=\count95
\tag@help=\toks15
\row@=\count96
\column@=\count97
\maxfields@=\count98
\andhelp@=\toks16
\eqnshift@=\dimen106
\alignsep@=\dimen107
\tagshift@=\dimen108
\tagwidth@=\dimen109
\totwidth@=\dimen110
\lineht@=\dimen111
\@envbody=\toks17
\multlinegap=\skip44
\multlinetaggap=\skip45
\mathdisplay@stack=\toks18
LaTeX Info: Redefining \[ on input line 2665.
LaTeX Info: Redefining \] on input line 2666.
)
(/usr/local/texlive/2014/texmf-dist/tex/latex/base/textcomp.sty
Package: textcomp 2005/09/27 v1.99g Standard LaTeX package
Package textcomp Info: Sub-encoding information:
(textcomp)               5 = only ISO-Adobe without \textcurrency
(textcomp)               4 = 5 + \texteuro
(textcomp)               3 = 4 + \textohm
(textcomp)               2 = 3 + \textestimated + \textcurrency
(textcomp)               1 = TS1 - \textcircled - \t
(textcomp)               0 = TS1 (full)
(textcomp)             Font families with sub-encoding setting implement
(textcomp)             only a restricted character set as indicated.
(textcomp)             Family '?' is the default used for unknown fonts.
(textcomp)             See the documentation for details.
Package textcomp Info: Setting ? sub-encoding to TS1/1 on input line 71.

(/usr/local/texlive/2014/texmf-dist/tex/latex/base/ts1enc.def
File: ts1enc.def 2001/06/05 v3.0e (jk/car/fm) Standard LaTeX file
)
LaTeX Info: Redefining \oldstylenums on input line 266.
Package textcomp Info: Setting cmr sub-encoding to TS1/0 on input line 281.
Package textcomp Info: Setting cmss sub-encoding to TS1/0 on input line 282.
Package textcomp Info: Setting cmtt sub-encoding to TS1/0 on input line 283.
Package textcomp Info: Setting cmvtt sub-encoding to TS1/0 on input line 284.
Package textcomp Info: Setting cmbr sub-encoding to TS1/0 on input line 285.
Package textcomp Info: Setting cmtl sub-encoding to TS1/0 on input line 286.
Package textcomp Info: Setting ccr sub-encoding to TS1/0 on input line 287.
Package textcomp Info: Setting ptm sub-encoding to TS1/4 on input line 288.
Package textcomp Info: Setting pcr sub-encoding to TS1/4 on input line 289.
Package textcomp Info: Setting phv sub-encoding to TS1/4 on input line 290.
Package textcomp Info: Setting ppl sub-encoding to TS1/3 on input line 291.
Package textcomp Info: Setting pag sub-encoding to TS1/4 on input line 292.
Package textcomp Info: Setting pbk sub-encoding to TS1/4 on input line 293.
Package textcomp Info: Setting pnc sub-encoding to TS1/4 on input line 294.
Package textcomp Info: Setting pzc sub-encoding to TS1/4 on input line 295.
Package textcomp Info: Setting bch sub-encoding to TS1/4 on input line 296.
Package textcomp Info: Setting put sub-encoding to TS1/5 on input line 297.
Package textcomp Info: Setting uag sub-encoding to TS1/5 on input line 298.
Package textcomp Info: Setting ugq sub-encoding to TS1/5 on input line 299.
Package textcomp Info: Setting ul8 sub-encoding to TS1/4 on input line 300.
Package textcomp Info: Setting ul9 sub-encoding to TS1/4 on input line 301.
Package textcomp Info: Setting augie sub-encoding to TS1/5 on input line 302.
Package textcomp Info: Setting dayrom sub-encoding to TS1/3 on input line 303.
Package textcomp Info: Setting dayroms sub-encoding to TS1/3 on input line 304.

Package textcomp Info: Setting pxr sub-encoding to TS1/0 on input line 305.
Package textcomp Info: Setting pxss sub-encoding to TS1/0 on input line 306.
Package textcomp Info: Setting pxtt sub-encoding to TS1/0 on input line 307.
Package textcomp Info: Setting txr sub-encoding to TS1/0 on input line 308.
Package textcomp Info: Setting txss sub-encoding to TS1/0 on input line 309.
Package textcomp Info: Setting txtt sub-encoding to TS1/0 on input line 310.
Package textcomp Info: Setting lmr sub-encoding to TS1/0 on input line 311.
Package textcomp Info: Setting lmdh sub-encoding to TS1/0 on input line 312.
Package textcomp Info: Setting lmss sub-encoding to TS1/0 on input line 313.
Package textcomp Info: Setting lmssq sub-encoding to TS1/0 on input line 314.
Package textcomp Info: Setting lmvtt sub-encoding to TS1/0 on input line 315.
Package textcomp Info: Setting qhv sub-encoding to TS1/0 on input line 316.
Package textcomp Info: Setting qag sub-encoding to TS1/0 on input line 317.
Package textcomp Info: Setting qbk sub-encoding to TS1/0 on input line 318.
Package textcomp Info: Setting qcr sub-encoding to TS1/0 on input line 319.
Package textcomp Info: Setting qcs sub-encoding to TS1/0 on input line 320.
Package textcomp Info: Setting qpl sub-encoding to TS1/0 on input line 321.
Package textcomp Info: Setting qtm sub-encoding to TS1/0 on input line 322.
Package textcomp Info: Setting qzc sub-encoding to TS1/0 on input line 323.
Package textcomp Info: Setting qhvc sub-encoding to TS1/0 on input line 324.
Package textcomp Info: Setting futs sub-encoding to TS1/4 on input line 325.
Package textcomp Info: Setting futx sub-encoding to TS1/4 on input line 326.
Package textcomp Info: Setting futj sub-encoding to TS1/4 on input line 327.
Package textcomp Info: Setting hlh sub-encoding to TS1/3 on input line 328.
Package textcomp Info: Setting hls sub-encoding to TS1/3 on input line 329.
Package textcomp Info: Setting hlst sub-encoding to TS1/3 on input line 330.
Package textcomp Info: Setting hlct sub-encoding to TS1/5 on input line 331.
Package textcomp Info: Setting hlx sub-encoding to TS1/5 on input line 332.
Package textcomp Info: Setting hlce sub-encoding to TS1/5 on input line 333.
Package textcomp Info: Setting hlcn sub-encoding to TS1/5 on input line 334.
Package textcomp Info: Setting hlcw sub-encoding to TS1/5 on input line 335.
Package textcomp Info: Setting hlcf sub-encoding to TS1/5 on input line 336.
Package textcomp Info: Setting pplx sub-encoding to TS1/3 on input line 337.
Package textcomp Info: Setting pplj sub-encoding to TS1/3 on input line 338.
Package textcomp Info: Setting ptmx sub-encoding to TS1/4 on input line 339.
Package textcomp Info: Setting ptmj sub-encoding to TS1/4 on input line 340.
)
(/usr/local/texlive/2014/texmf-dist/tex/latex/amsfonts/amssymb.sty
Package: amssymb 2013/01/14 v3.01 AMS font symbols

(/usr/local/texlive/2014/texmf-dist/tex/latex/amsfonts/amsfonts.sty
Package: amsfonts 2013/01/14 v3.01 Basic AMSFonts support
\symAMSa=\mathgroup4
\symAMSb=\mathgroup5
LaTeX Font Info:    Overwriting math alphabet `\mathfrak' in version `bold'
(Font)                  U/euf/m/n --> U/euf/b/n on input line 106.
))
(/usr/local/texlive/2014/texmf-dist/tex/latex/geometry/geometry.sty
Package: geometry 2010/09/12 v5.6 Page Geometry

(/usr/local/texlive/2014/texmf-dist/tex/latex/graphics/keyval.sty
Package: keyval 2014/05/08 v1.15 key=value parser (DPC)
\KV@toks@=\toks19
)
(/usr/local/texlive/2014/texmf-dist/tex/generic/oberdiek/ifpdf.sty
Package: ifpdf 2011/01/30 v2.3 Provides the ifpdf switch (HO)
Package ifpdf Info: pdfTeX in PDF mode is detected.
)
(/usr/local/texlive/2014/texmf-dist/tex/generic/oberdiek/ifvtex.sty
Package: ifvtex 2010/03/01 v1.5 Detect VTeX and its facilities (HO)
Package ifvtex Info: VTeX not detected.
)
(/usr/local/texlive/2014/texmf-dist/tex/generic/ifxetex/ifxetex.sty
Package: ifxetex 2010/09/12 v0.6 Provides ifxetex conditional
)
\Gm@cnth=\count99
\Gm@cntv=\count100
\c@Gm@tempcnt=\count101
\Gm@bindingoffset=\dimen112
\Gm@wd@mp=\dimen113
\Gm@odd@mp=\dimen114
\Gm@even@mp=\dimen115
\Gm@layoutwidth=\dimen116
\Gm@layoutheight=\dimen117
\Gm@layouthoffset=\dimen118
\Gm@layoutvoffset=\dimen119
\Gm@dimlist=\toks20
)
(/usr/local/texlive/2014/texmf-dist/tex/latex/graphics/graphicx.sty
Package: graphicx 2014/04/25 v1.0g Enhanced LaTeX Graphics (DPC,SPQR)

(/usr/local/texlive/2014/texmf-dist/tex/latex/graphics/graphics.sty
Package: graphics 2009/02/05 v1.0o Standard LaTeX Graphics (DPC,SPQR)

(/usr/local/texlive/2014/texmf-dist/tex/latex/graphics/trig.sty
Package: trig 1999/03/16 v1.09 sin cos tan (DPC)
)
(/usr/local/texlive/2014/texmf-dist/tex/latex/latexconfig/graphics.cfg
File: graphics.cfg 2010/04/23 v1.9 graphics configuration of TeX Live
)
Package graphics Info: Driver file: pdftex.def on input line 91.

(/usr/local/texlive/2014/texmf-dist/tex/latex/pdftex-def/pdftex.def
File: pdftex.def 2011/05/27 v0.06d Graphics/color for pdfTeX

(/usr/local/texlive/2014/texmf-dist/tex/generic/oberdiek/infwarerr.sty
Package: infwarerr 2010/04/08 v1.3 Providing info/warning/error messages (HO)
)
(/usr/local/texlive/2014/texmf-dist/tex/generic/oberdiek/ltxcmds.sty
Package: ltxcmds 2011/11/09 v1.22 LaTeX kernel commands for general use (HO)
)
\Gread@gobject=\count102
))
\Gin@req@height=\dimen120
\Gin@req@width=\dimen121
)
(/usr/local/texlive/2014/texmf-dist/tex/latex/tools/enumerate.sty
Package: enumerate 1999/03/05 v3.00 enumerate extensions (DPC)
\@enLab=\toks21
)
(/usr/local/texlive/2014/texmf-dist/tex/latex/caption/caption.sty
Package: caption 2013/05/02 v3.3-89 Customizing captions (AR)

(/usr/local/texlive/2014/texmf-dist/tex/latex/caption/caption3.sty
Package: caption3 2013/05/02 v1.6-88 caption3 kernel (AR)
Package caption3 Info: TeX engine: e-TeX on input line 57.
\captionmargin=\dimen122
\captionmargin@=\dimen123
\captionwidth=\dimen124
\caption@tempdima=\dimen125
\caption@indent=\dimen126
\caption@parindent=\dimen127
\caption@hangindent=\dimen128
)
\c@ContinuedFloat=\count103
)
(/usr/local/texlive/2014/texmf-dist/tex/latex/caption/subcaption.sty
Package: subcaption 2013/02/03 v1.1-62 Sub-captions (AR)
\c@subfigure=\count104
\c@subtable=\count105
)
(/usr/local/texlive/2014/texmf-dist/tex/latex/listings/listings.sty
\lst@mode=\count106
\lst@gtempboxa=\box28
\lst@token=\toks22
\lst@length=\count107
\lst@currlwidth=\dimen129
\lst@column=\count108
\lst@pos=\count109
\lst@lostspace=\dimen130
\lst@width=\dimen131
\lst@newlines=\count110
\lst@lineno=\count111
\lst@maxwidth=\dimen132

(/usr/local/texlive/2014/texmf-dist/tex/latex/listings/lstmisc.sty
File: lstmisc.sty 2014/03/04 1.5c (Carsten Heinz)
\c@lstnumber=\count112
\lst@skipnumbers=\count113
\lst@framebox=\box29
)
(/usr/local/texlive/2014/texmf-dist/tex/latex/listings/listings.cfg
File: listings.cfg 2014/03/04 1.5c listings configuration
))
Package: listings 2014/03/04 1.5c (Carsten Heinz)

(./writeup.aux)
\openout1 = `writeup.aux'.

LaTeX Font Info:    Checking defaults for OML/cmm/m/it on input line 30.
LaTeX Font Info:    ... okay on input line 30.
LaTeX Font Info:    Checking defaults for T1/cmr/m/n on input line 30.
LaTeX Font Info:    ... okay on input line 30.
LaTeX Font Info:    Checking defaults for OT1/cmr/m/n on input line 30.
LaTeX Font Info:    ... okay on input line 30.
LaTeX Font Info:    Checking defaults for OMS/cmsy/m/n on input line 30.
LaTeX Font Info:    ... okay on input line 30.
LaTeX Font Info:    Checking defaults for OMX/cmex/m/n on input line 30.
LaTeX Font Info:    ... okay on input line 30.
LaTeX Font Info:    Checking defaults for U/cmr/m/n on input line 30.
LaTeX Font Info:    ... okay on input line 30.
LaTeX Font Info:    Checking defaults for TS1/cmr/m/n on input line 30.
LaTeX Font Info:    Try loading font information for TS1+cmr on input line 30.
 (/usr/local/texlive/2014/texmf-dist/tex/latex/base/ts1cmr.fd
File: ts1cmr.fd 1999/05/25 v2.5h Standard LaTeX font definitions
)
LaTeX Font Info:    ... okay on input line 30.

*geometry* driver: auto-detecting
*geometry* detected driver: pdftex
*geometry* verbose mode - [ preamble ] result:
* driver: pdftex
* paper: <default>
* layout: <same size as paper>
* layoutoffset:(h,v)=(0.0pt,0.0pt)
* modes: 
* h-part:(L,W,R)=(92.14519pt, 430.00462pt, 92.14519pt)
* v-part:(T,H,B)=(95.39737pt, 556.47656pt, 143.09605pt)
* \paperwidth=614.295pt
* \paperheight=794.96999pt
* \textwidth=469.75499pt
* \textheight=650.43pt
* \oddsidemargin=18.06749pt
* \evensidemargin=18.06749pt
* \topmargin=-54.2025pt
* \headheight=12.0pt
* \headsep=25.0pt
* \topskip=11.0pt
* \footskip=30.0pt
* \marginparwidth=59.0pt
* \marginparsep=10.0pt
* \columnsep=10.0pt
* \skip\footins=10.0pt plus 4.0pt minus 2.0pt
* \hoffset=0.0pt
* \voffset=0.0pt
* \mag=1000
* \@twocolumnfalse
* \@twosidefalse
* \@mparswitchfalse
* \@reversemarginfalse
* (1in=72.27pt=25.4mm, 1cm=28.453pt)

(/usr/local/texlive/2014/texmf-dist/tex/context/base/supp-pdf.mkii
[Loading MPS to PDF converter (version 2006.09.02).]
\scratchcounter=\count114
\scratchdimen=\dimen133
\scratchbox=\box30
\nofMPsegments=\count115
\nofMParguments=\count116
\everyMPshowfont=\toks23
\MPscratchCnt=\count117
\MPscratchDim=\dimen134
\MPnumerator=\count118
\makeMPintoPDFobject=\count119
\everyMPtoPDFconversion=\toks24
) (/usr/local/texlive/2014/texmf-dist/tex/generic/oberdiek/pdftexcmds.sty
Package: pdftexcmds 2011/11/29 v0.20 Utility functions of pdfTeX for LuaTeX (HO
)

(/usr/local/texlive/2014/texmf-dist/tex/generic/oberdiek/ifluatex.sty
Package: ifluatex 2010/03/01 v1.3 Provides the ifluatex switch (HO)
Package ifluatex Info: LuaTeX not detected.
)
Package pdftexcmds Info: LuaTeX not detected.
Package pdftexcmds Info: \pdf@primitive is available.
Package pdftexcmds Info: \pdf@ifprimitive is available.
Package pdftexcmds Info: \pdfdraftmode found.
)
(/usr/local/texlive/2014/texmf-dist/tex/latex/oberdiek/epstopdf-base.sty
Package: epstopdf-base 2010/02/09 v2.5 Base part for package epstopdf

(/usr/local/texlive/2014/texmf-dist/tex/latex/oberdiek/grfext.sty
Package: grfext 2010/08/19 v1.1 Manage graphics extensions (HO)

(/usr/local/texlive/2014/texmf-dist/tex/generic/oberdiek/kvdefinekeys.sty
Package: kvdefinekeys 2011/04/07 v1.3 Define keys (HO)
))
(/usr/local/texlive/2014/texmf-dist/tex/latex/oberdiek/kvoptions.sty
Package: kvoptions 2011/06/30 v3.11 Key value format for package options (HO)

(/usr/local/texlive/2014/texmf-dist/tex/generic/oberdiek/kvsetkeys.sty
Package: kvsetkeys 2012/04/25 v1.16 Key value parser (HO)

(/usr/local/texlive/2014/texmf-dist/tex/generic/oberdiek/etexcmds.sty
Package: etexcmds 2011/02/16 v1.5 Avoid name clashes with e-TeX commands (HO)
Package etexcmds Info: Could not find \expanded.
(etexcmds)             That can mean that you are not using pdfTeX 1.50 or
(etexcmds)             that some package has redefined \expanded.
(etexcmds)             In the latter case, load this package earlier.
)))
Package grfext Info: Graphics extension search list:
(grfext)             [.png,.pdf,.jpg,.mps,.jpeg,.jbig2,.jb2,.PNG,.PDF,.JPG,.JPE
G,.JBIG2,.JB2,.eps]
(grfext)             \AppendGraphicsExtensions on input line 452.

(/usr/local/texlive/2014/texmf-dist/tex/latex/latexconfig/epstopdf-sys.cfg
File: epstopdf-sys.cfg 2010/07/13 v1.3 Configuration of (r)epstopdf for TeX Liv
e
))
Package caption Info: Begin \AtBeginDocument code.
Package caption Info: listings package is loaded.
Package caption Info: End \AtBeginDocument code.
\c@lstlisting=\count120
LaTeX Font Info:    Try loading font information for U+msa on input line 31.

(/usr/local/texlive/2014/texmf-dist/tex/latex/amsfonts/umsa.fd
File: umsa.fd 2013/01/14 v3.01 AMS symbols A
)
LaTeX Font Info:    Try loading font information for U+msb on input line 31.

(/usr/local/texlive/2014/texmf-dist/tex/latex/amsfonts/umsb.fd
File: umsb.fd 2013/01/14 v3.01 AMS symbols B
) [1

{/usr/local/texlive/2014/texmf-var/fonts/map/pdftex/updmap/pdftex.map}]
Missing character: There is no ‚ in font cmr10!
Missing character: There is no Ä in font cmr10!
Missing character: There is no ô in font cmr10!
 [2] [3]
Missing character: There is no ‚ in font cmr10!
Missing character: There is no Ä in font cmr10!
Missing character: There is no ú in font cmr10!
Missing character: There is no ‚ in font cmr10!
Missing character: There is no Ä in font cmr10!
Missing character: There is no ù in font cmr10!
Missing character: There is no ‚ in font cmr10!
Missing character: There is no Ä in font cmr10!
Missing character: There is no ú in font cmr10!
Missing character: There is no ‚ in font cmr10!
Missing character: There is no Ä in font cmr10!
Missing character: There is no ù in font cmr10!
Missing character: There is no ‚ in font cmr10!
Missing character: There is no Ä in font cmr10!
Missing character: There is no ú in font cmr10!
Missing character: There is no ‚ in font cmr10!
Missing character: There is no Ä in font cmr10!
Missing character: There is no ù in font cmr10!
Missing character: There is no ‚ in font cmr10!
Missing character: There is no Ä in font cmr10!
Missing character: There is no ú in font cmr10!
Missing character: There is no ‚ in font cmr10!
Missing character: There is no Ä in font cmr10!
Missing character: There is no ù in font cmr10!
Missing character: There is no ‚ in font cmr10!
Missing character: There is no Ä in font cmr10!
Missing character: There is no ò in font cmr10!
Missing character: There is no ‚ in font cmr10!
Missing character: There is no Ä in font cmr10!
Missing character: There is no ô in font cmr10!
Missing character: There is no ‚ in font cmr10!
Missing character: There is no Ä in font cmr10!
Missing character: There is no ô in font cmr10!
 [4]
Underfull \hbox (badness 10000) in paragraph at lines 63--64

 []

<../exploratory_plots/Republican_Primary.png, id=21, 581.17125pt x 413.545pt>
File: ../exploratory_plots/Republican_Primary.png Graphic file (type png)

<use ../exploratory_plots/Republican_Primary.png>
Package pdftex.def Info: ../exploratory_plots/Republican_Primary.png used on in
put line 65.
(pdftex.def)             Requested size: 232.46437pt x 165.41505pt.

<../exploratory_plots/Democrat_Primary.png, id=23, 581.17125pt x 413.545pt>
File: ../exploratory_plots/Democrat_Primary.png Graphic file (type png)

<use ../exploratory_plots/Democrat_Primary.png>
Package pdftex.def Info: ../exploratory_plots/Democrat_Primary.png used on inpu
t line 66.
(pdftex.def)             Requested size: 232.46437pt x 165.41505pt.

Overfull \hbox (14.60709pt too wide) in paragraph at lines 65--67
[][] [] 
 []


Underfull \hbox (badness 10000) in paragraph at lines 68--69

 []

<../exploratory_plots/Trump_White.png, id=24, 581.17125pt x 413.545pt>
File: ../exploratory_plots/Trump_White.png Graphic file (type png)

<use ../exploratory_plots/Trump_White.png>
Package pdftex.def Info: ../exploratory_plots/Trump_White.png used on input lin
e 70.
(pdftex.def)             Requested size: 220.84737pt x 157.14873pt.

<../exploratory_plots/Cruz_White.png, id=25, 581.17125pt x 413.545pt>
File: ../exploratory_plots/Cruz_White.png Graphic file (type png)

<use ../exploratory_plots/Cruz_White.png>
Package pdftex.def Info: ../exploratory_plots/Cruz_White.png used on input line
 71.
(pdftex.def)             Requested size: 220.84737pt x 157.14873pt.

<../exploratory_plots/Sanders_White.png, id=26, 581.17125pt x 413.545pt>
File: ../exploratory_plots/Sanders_White.png Graphic file (type png)

<use ../exploratory_plots/Sanders_White.png>
Package pdftex.def Info: ../exploratory_plots/Sanders_White.png used on input l
ine 72.
(pdftex.def)             Requested size: 220.84737pt x 157.14873pt.

<../exploratory_plots/Clinton_White.png, id=27, 581.17125pt x 413.545pt>
File: ../exploratory_plots/Clinton_White.png Graphic file (type png)

<use ../exploratory_plots/Clinton_White.png>
Package pdftex.def Info: ../exploratory_plots/Clinton_White.png used on input l
ine 73.
(pdftex.def)             Requested size: 220.84737pt x 157.14873pt.

Underfull \hbox (badness 10000) in paragraph at lines 70--74

 []

[5 <../exploratory_plots/Republican_Primary.png> <../exploratory_plots/Democrat
_Primary.png> <../exploratory_plots/Trump_White.png> <../exploratory_plots/Cruz
_White.png>]
<../exploratory_plots/Trump_Num_People.png, id=35, 581.17125pt x 413.545pt>
File: ../exploratory_plots/Trump_Num_People.png Graphic file (type png)

<use ../exploratory_plots/Trump_Num_People.png>
Package pdftex.def Info: ../exploratory_plots/Trump_Num_People.png used on inpu
t line 75.
(pdftex.def)             Requested size: 220.84737pt x 157.14873pt.

<../exploratory_plots/Cruz_Num_People.png, id=36, 581.17125pt x 413.545pt>
File: ../exploratory_plots/Cruz_Num_People.png Graphic file (type png)

<use ../exploratory_plots/Cruz_Num_People.png>
Package pdftex.def Info: ../exploratory_plots/Cruz_Num_People.png used on input
 line 76.
(pdftex.def)             Requested size: 220.84737pt x 157.14873pt.

<../exploratory_plots/Sanders_Num_People.png, id=37, 581.17125pt x 413.545pt>
File: ../exploratory_plots/Sanders_Num_People.png Graphic file (type png)

<use ../exploratory_plots/Sanders_Num_People.png>
Package pdftex.def Info: ../exploratory_plots/Sanders_Num_People.png used on in
put line 77.
(pdftex.def)             Requested size: 220.84737pt x 157.14873pt.

<../exploratory_plots/Clinton_Num_People.png, id=38, 581.17125pt x 413.545pt>
File: ../exploratory_plots/Clinton_Num_People.png Graphic file (type png)

<use ../exploratory_plots/Clinton_Num_People.png>
Package pdftex.def Info: ../exploratory_plots/Clinton_Num_People.png used on in
put line 78.
(pdftex.def)             Requested size: 220.84737pt x 157.14873pt.

<../exploratory_plots/Trump_Age.png, id=39, 581.17125pt x 413.545pt>
File: ../exploratory_plots/Trump_Age.png Graphic file (type png)

<use ../exploratory_plots/Trump_Age.png>
Package pdftex.def Info: ../exploratory_plots/Trump_Age.png used on input line 
80.
(pdftex.def)             Requested size: 220.84737pt x 157.14873pt.

<../exploratory_plots/Cruz_Age.png, id=40, 581.17125pt x 413.545pt>
File: ../exploratory_plots/Cruz_Age.png Graphic file (type png)

<use ../exploratory_plots/Cruz_Age.png>
Package pdftex.def Info: ../exploratory_plots/Cruz_Age.png used on input line 8
1.
(pdftex.def)             Requested size: 220.84737pt x 157.14873pt.

<../exploratory_plots/Sanders_Age.png, id=41, 581.17125pt x 413.545pt>
File: ../exploratory_plots/Sanders_Age.png Graphic file (type png)

<use ../exploratory_plots/Sanders_Age.png>
Package pdftex.def Info: ../exploratory_plots/Sanders_Age.png used on input lin
e 82.
(pdftex.def)             Requested size: 220.84737pt x 157.14873pt.

<../exploratory_plots/Clinton_Age.png, id=42, 581.17125pt x 413.545pt>
File: ../exploratory_plots/Clinton_Age.png Graphic file (type png)

<use ../exploratory_plots/Clinton_Age.png>
Package pdftex.def Info: ../exploratory_plots/Clinton_Age.png used on input lin
e 83.
(pdftex.def)             Requested size: 220.84737pt x 157.14873pt.

Underfull \hbox (badness 10000) in paragraph at lines 80--84

 []

[6 <../exploratory_plots/Sanders_White.png> <../exploratory_plots/Clinton_White
.png> <../exploratory_plots/Trump_Num_People.png> <../exploratory_plots/Cruz_Nu
m_People.png> <../exploratory_plots/Sanders_Num_People.png> <../exploratory_plo
ts/Clinton_Num_People.png> <../exploratory_plots/Trump_Age.png> <../exploratory
_plots/Cruz_Age.png>]
Underfull \hbox (badness 10000) in paragraph at lines 85--86

 []


Underfull \hbox (badness 10000) in paragraph at lines 87--88

 []

[7 <../exploratory_plots/Sanders_Age.png> <../exploratory_plots/Clinton_Age.png
>]
Underfull \hbox (badness 10000) in paragraph at lines 93--95

 []


Underfull \hbox (badness 10000) in paragraph at lines 111--112

 []

<../knn_plots/alabama_predicted.png, id=60, 562.1pt x 704.6325pt>
File: ../knn_plots/alabama_predicted.png Graphic file (type png)

<use ../knn_plots/alabama_predicted.png>
Package pdftex.def Info: ../knn_plots/alabama_predicted.png used on input line 
113.
(pdftex.def)             Requested size: 224.83601pt x 281.848pt.

<../knn_plots/alabama_actual.png, id=61, 562.1pt x 704.6325pt>
File: ../knn_plots/alabama_actual.png Graphic file (type png)

<use ../knn_plots/alabama_actual.png>
Package pdftex.def Info: ../knn_plots/alabama_actual.png used on input line 113
.
(pdftex.def)             Requested size: 224.83601pt x 281.848pt.

<../knn_plots/arizona_predicted.png, id=62, 562.1pt x 704.6325pt>
File: ../knn_plots/arizona_predicted.png Graphic file (type png)

<use ../knn_plots/arizona_predicted.png>
Package pdftex.def Info: ../knn_plots/arizona_predicted.png used on input line 
114.
(pdftex.def)             Requested size: 224.83601pt x 281.848pt.

<../knn_plots/arizona_actual.png, id=63, 562.1pt x 704.6325pt>
File: ../knn_plots/arizona_actual.png Graphic file (type png)

<use ../knn_plots/arizona_actual.png>
Package pdftex.def Info: ../knn_plots/arizona_actual.png used on input line 114
.
(pdftex.def)             Requested size: 224.83601pt x 281.848pt.

<../knn_plots/florida_predicted.png, id=64, 562.1pt x 704.6325pt>
File: ../knn_plots/florida_predicted.png Graphic file (type png)

<use ../knn_plots/florida_predicted.png>
Package pdftex.def Info: ../knn_plots/florida_predicted.png used on input line 
115.
(pdftex.def)             Requested size: 224.83601pt x 281.848pt.

<../knn_plots/florida_actual.png, id=65, 562.1pt x 704.6325pt>
File: ../knn_plots/florida_actual.png Graphic file (type png)

<use ../knn_plots/florida_actual.png>
Package pdftex.def Info: ../knn_plots/florida_actual.png used on input line 115
.
(pdftex.def)             Requested size: 224.83601pt x 281.848pt.
File: ../knn_plots/alabama_predicted.png Graphic file (type png)
 <use ../knn_plots/alabama_predicted.png>
Package pdftex.def Info: ../knn_plots/alabama_predicted.png used on input line 
116.
(pdftex.def)             Requested size: 224.83601pt x 281.848pt.
File: ../knn_plots/alabama_actual.png Graphic file (type png)

<use ../knn_plots/alabama_actual.png>
Package pdftex.def Info: ../knn_plots/alabama_actual.png used on input line 116
.
(pdftex.def)             Requested size: 224.83601pt x 281.848pt.

<../knn_plots/idaho_predicted.png, id=66, 562.1pt x 704.6325pt>
File: ../knn_plots/idaho_predicted.png Graphic file (type png)

<use ../knn_plots/idaho_predicted.png>
Package pdftex.def Info: ../knn_plots/idaho_predicted.png used on input line 11
7.
(pdftex.def)             Requested size: 224.83601pt x 281.848pt.

<../knn_plots/idaho_actual.png, id=67, 562.1pt x 704.6325pt>
File: ../knn_plots/idaho_actual.png Graphic file (type png)

<use ../knn_plots/idaho_actual.png>
Package pdftex.def Info: ../knn_plots/idaho_actual.png used on input line 117.
(pdftex.def)             Requested size: 224.83601pt x 281.848pt.

Underfull \hbox (badness 10000) in paragraph at lines 113--118

 []

[8] [9 <../knn_plots/alabama_predicted.png> <../knn_plots/alabama_actual.png> <
../knn_plots/arizona_predicted.png> <../knn_plots/arizona_actual.png>] [10 <../
knn_plots/florida_predicted.png> <../knn_plots/florida_actual.png>]
<../knn_plots/illinois_predicted.png, id=90, 562.1pt x 704.6325pt>
File: ../knn_plots/illinois_predicted.png Graphic file (type png)

<use ../knn_plots/illinois_predicted.png>
Package pdftex.def Info: ../knn_plots/illinois_predicted.png used on input line
 122.
(pdftex.def)             Requested size: 224.83601pt x 281.848pt.

<../knn_plots/illinois_actual.png, id=91, 562.1pt x 704.6325pt>
File: ../knn_plots/illinois_actual.png Graphic file (type png)

<use ../knn_plots/illinois_actual.png>
Package pdftex.def Info: ../knn_plots/illinois_actual.png used on input line 12
2.
(pdftex.def)             Requested size: 224.83601pt x 281.848pt.

<../knn_plots/georgia_sanders_predicted.png, id=92, 562.1pt x 704.6325pt>
File: ../knn_plots/georgia_sanders_predicted.png Graphic file (type png)

<use ../knn_plots/georgia_sanders_predicted.png>
Package pdftex.def Info: ../knn_plots/georgia_sanders_predicted.png used on inp
ut line 123.
(pdftex.def)             Requested size: 224.83601pt x 281.848pt.

<../knn_plots/georgia_sanders_actual.png, id=93, 562.1pt x 704.6325pt>
File: ../knn_plots/georgia_sanders_actual.png Graphic file (type png)

<use ../knn_plots/georgia_sanders_actual.png>
Package pdftex.def Info: ../knn_plots/georgia_sanders_actual.png used on input 
line 123.
(pdftex.def)             Requested size: 224.83601pt x 281.848pt.

Underfull \hbox (badness 10000) in paragraph at lines 121--124

 []

[11 <../knn_plots/idaho_predicted.png> <../knn_plots/idaho_actual.png> <../knn_
plots/illinois_predicted.png> <../knn_plots/illinois_actual.png>] [12 <../knn_p
lots/georgia_sanders_predicted.png> <../knn_plots/georgia_sanders_actual.png>]
Missing character: There is no ‚ in font cmr10!
Missing character: There is no Ä in font cmr10!
Missing character: There is no ô in font cmr10!

[13] (/usr/local/texlive/2014/texmf-dist/tex/latex/listings/lstlang1.sty
File: lstlang1.sty 2014/03/04 1.5c listings language file
)
(/usr/local/texlive/2014/texmf-dist/tex/latex/listings/lstlang2.sty
File: lstlang2.sty 2014/03/04 1.5c listings language file
)
(/usr/local/texlive/2014/texmf-dist/tex/latex/listings/lstlang3.sty
File: lstlang3.sty 2014/03/04 1.5c listings language file
) (../knn.R
LaTeX Font Info:    Try loading font information for OML+cmr on input line 9.

(/usr/local/texlive/2014/texmf-dist/tex/latex/base/omlcmr.fd
File: omlcmr.fd 1999/05/25 v2.5h Standard LaTeX font definitions
)
LaTeX Font Info:    Font shape `OML/cmr/bx/n' in size <10.95> not available
(Font)              Font shape `OML/cmm/b/it' tried instead on input line 9.
LaTeX Font Info:    Font shape `OML/cmr/m/n' in size <10.95> not available
(Font)              Font shape `OML/cmm/m/it' tried instead on input line 9.
LaTeX Font Info:    Try loading font information for OMS+cmr on input line 15.

(/usr/local/texlive/2014/texmf-dist/tex/latex/base/omscmr.fd
File: omscmr.fd 1999/05/25 v2.5h Standard LaTeX font definitions
)
LaTeX Font Info:    Font shape `OMS/cmr/m/n' in size <10.95> not available
(Font)              Font shape `OMS/cmsy/m/n' tried instead on input line 15.
 [14]) [15]
(../visualizations.R [16] [17] [18]) [19] (../map.R [20]) [21] (./writeup.aux) 
) 
Here is how much of TeX's memory you used:
 6725 strings out of 493117
 99304 string characters out of 6135433
 335811 words of memory out of 5000000
 10059 multiletter control sequences out of 15000+600000
 13236 words of font info for 49 fonts, out of 8000000 for 9000
 1141 hyphenation exceptions out of 8191
 38i,6n,44p,1197b,2169s stack positions out of 5000i,500n,10000p,200000b,80000s
{/usr/local/texlive/2014/texmf-dist/fonts/enc/dvips/cm-super/cm-super-ts1.enc}
</usr/local/texlive/2014/texmf-dist/fonts/type1/public/amsfonts/cm/cmbx10.pfb><
/usr/local/texlive/2014/texmf-dist/fonts/type1/public/amsfonts/cm/cmbx12.pfb></
usr/local/texlive/2014/texmf-dist/fonts/type1/public/amsfonts/cm/cmbx8.pfb></us
r/local/texlive/2014/texmf-dist/fonts/type1/public/amsfonts/cm/cmex10.pfb></usr
/local/texlive/2014/texmf-dist/fonts/type1/public/amsfonts/cm/cmmi10.pfb></usr/
local/texlive/2014/texmf-dist/fonts/type1/public/amsfonts/cm/cmmi8.pfb></usr/lo
cal/texlive/2014/texmf-dist/fonts/type1/public/amsfonts/cm/cmmib10.pfb></usr/lo
cal/texlive/2014/texmf-dist/fonts/type1/public/amsfonts/cm/cmr10.pfb></usr/loca
l/texlive/2014/texmf-dist/fonts/type1/public/amsfonts/cm/cmr12.pfb></usr/local/
texlive/2014/texmf-dist/fonts/type1/public/amsfonts/cm/cmr17.pfb></usr/local/te
xlive/2014/texmf-dist/fonts/type1/public/amsfonts/cm/cmr8.pfb></usr/local/texli
ve/2014/texmf-dist/fonts/type1/public/amsfonts/cm/cmsl10.pfb></usr/local/texliv
e/2014/texmf-dist/fonts/type1/public/amsfonts/cm/cmsy10.pfb></usr/local/texlive
/2014/texmf-dist/fonts/type1/public/amsfonts/cm/cmti10.pfb></usr/local/texlive/
2014/texmf-dist/fonts/type1/public/amsfonts/cm/cmtt10.pfb></usr/local/texlive/2
014/texmf-dist/fonts/type1/public/cm-super/sfbx1095.pfb>
Output written on writeup.pdf (21 pages, 1486326 bytes).
PDF statistics:
 190 PDF objects out of 1000 (max. 8388607)
 98 compressed objects within 1 object stream
 0 named destinations out of 1000 (max. 500000)
 131 words of extra memory for PDF output out of 10000 (max. 10000000)

